{"name": "test_verifyMessagesCount[LoginpageDataloader0]", "status": "broken", "statusDetails": {"message": "selenium.common.exceptions.TimeoutException: Message:", "trace": "self = <tests_Sollis_MVP.test_messages.Test_Messages object at 0x000001934D880D30>, setup = None\nLoginpageDataloader = ('prameela.b@lancesoft.com', 'Password1234$')\n\n    def test_verifyMessagesCount(self,setup, LoginpageDataloader):\n        base = BaseClass(self.driver)\n        base.signin(setup)\n        base.Login(LoginpageDataloader)\n        msg = Messeges(self.driver)\n        Login_Member_inn=msg.getHomePagePrimaryMemberInitials().text\n        print(Login_Member_inn)\n        msg.getHomePageMessageLink().click()\n        Header_Menu_msg=msg.getMassagesPageHeader().text\n        if(Header_Menu_msg==\"Messages\"):\n            assert True\n        else:\n            allure.attach(self.driver.get_screenshot_as_png(), name=\"Message1\",attachment_type=AttachmentType.PNG)\n            assert False\n        time.sleep(2)\n        # Mssg_count_Logo=self.driver.find_elements(By.XPATH,\"//div[contains(@class,'message-section')]\")\n        # Mssg_count=len(Mssg_count_Logo)\n        # print(Mssg_count)\n        home=HomePage(self.driver)\n        home.getHomePageLogo().click()\n>       Home_MSg_count1 = WebDriverWait(self.driver, 10).until(EC.visibility_of_element_located((By.XPATH,\"//p[text()='Messages']/span\"))).text\n\ntests_Sollis_MVP\\test_messages.py:36: \n_ _ _ _ _ _ _ _ _ _ _ _ _ _ _ _ _ _ _ _ _ _ _ _ _ _ _ _ _ _ _ _ _ _ _ _ _ _ _ _ _ _ _ _ _ _ _ _ _ _ _ _ _ _ _ _ _ _ _ _ _ _ _ _ _ _ _ _ _ _ _ _ _ _ _ _ _ _ _ _ _ \n\nself = <selenium.webdriver.support.wait.WebDriverWait (session=\"6b3b8f02-6f69-4e6b-b2d2-cd4791185331\")>\nmethod = <selenium.webdriver.support.expected_conditions.visibility_of_element_located object at 0x000001934E461F60>, message = ''\n\n    def until(self, method, message=''):\n        \"\"\"Calls the method provided with the driver as an argument until the \\\n        return value is not False.\"\"\"\n        screen = None\n        stacktrace = None\n    \n        end_time = time.time() + self._timeout\n        while True:\n            try:\n                value = method(self._driver)\n                if value:\n                    return value\n            except self._ignored_exceptions as exc:\n                screen = getattr(exc, 'screen', None)\n                stacktrace = getattr(exc, 'stacktrace', None)\n            time.sleep(self._poll)\n            if time.time() > end_time:\n                break\n>       raise TimeoutException(message, screen, stacktrace)\nE       selenium.common.exceptions.TimeoutException: Message:\n\n..\\..\\AppData\\Local\\Programs\\Python\\Python310\\lib\\site-packages\\selenium\\webdriver\\support\\wait.py:80: TimeoutException"}, "parameters": [{"name": "LoginpageDataloader", "value": "('prameela.b@lancesoft.com', 'Password1234$')"}], "start": 1658484412315, "stop": 1658484456381, "uuid": "dcc74859-e874-4874-9603-7a3992c109df", "historyId": "8a8470bdcd88cb07f6e5aae3e3175ddf", "testCaseId": "869f2a6a9bf52e86f72b4b01f3858f3a", "fullName": "tests_Sollis_MVP.test_messages.Test_Messages#test_verifyMessagesCount", "labels": [{"name": "tag", "value": "@pytest.mark.usefixtures('setup')"}, {"name": "parentSuite", "value": "tests_Sollis_MVP"}, {"name": "suite", "value": "test_messages"}, {"name": "subSuite", "value": "Test_Messages"}, {"name": "host", "value": "HYD-ChetanB"}, {"name": "thread", "value": "17020-MainThread"}, {"name": "framework", "value": "pytest"}, {"name": "language", "value": "cpython3"}, {"name": "package", "value": "tests_Sollis_MVP.test_messages"}]}